<?xml version="1.0" encoding="UTF-8"?>
<coverage generated="1712066565905" clover="3.2.0">
  <project timestamp="1712066565905" name="All files">
    <metrics statements="11" coveredstatements="9" conditionals="4" coveredconditionals="4" methods="6" coveredmethods="4" elements="21" coveredelements="17" complexity="0" loc="11" ncloc="11" packages="2" files="4" classes="4"/>
    <package name="Components">
      <metrics statements="10" coveredstatements="8" conditionals="4" coveredconditionals="4" methods="6" coveredmethods="4"/>
      <file name="ContactUs.jsx" path="E:\Softwares\Harvinder\Front End Development\NamasteReact\src\Components\ContactUs.jsx">
        <metrics statements="3" coveredstatements="3" conditionals="4" coveredconditionals="4" methods="2" coveredmethods="2"/>
        <line num="5" count="2" type="stmt"/>
        <line num="7" count="2" type="stmt"/>
        <line num="23" count="1" type="stmt"/>
      </file>
      <file name="ContextComp.jsx" path="E:\Softwares\Harvinder\Front End Development\NamasteReact\src\Components\ContextComp.jsx">
        <metrics statements="5" coveredstatements="3" conditionals="0" coveredconditionals="0" methods="3" coveredmethods="1"/>
        <line num="5" count="4" type="stmt"/>
        <line num="6" count="4" type="stmt"/>
        <line num="7" count="4" type="stmt"/>
        <line num="14" count="0" type="stmt"/>
        <line num="15" count="0" type="stmt"/>
      </file>
      <file name="Sum.js" path="E:\Softwares\Harvinder\Front End Development\NamasteReact\src\Components\Sum.js">
        <metrics statements="2" coveredstatements="2" conditionals="0" coveredconditionals="0" methods="1" coveredmethods="1"/>
        <line num="1" count="1" type="stmt"/>
        <line num="2" count="1" type="stmt"/>
      </file>
    </package>
    <package name="Context">
      <metrics statements="1" coveredstatements="1" conditionals="0" coveredconditionals="0" methods="0" coveredmethods="0"/>
      <file name="userContext.js" path="E:\Softwares\Harvinder\Front End Development\NamasteReact\src\Context\userContext.js">
        <metrics statements="1" coveredstatements="1" conditionals="0" coveredconditionals="0" methods="0" coveredmethods="0"/>
        <line num="3" count="1" type="stmt"/>
      </file>
    </package>
  </project>
</coverage>
