{"E:\\Softwares\\Harvinder\\Front End Development\\NamasteReact\\src\\Components\\ContextComp.jsx": {"path":"E:\\Softwares\\Harvinder\\Front End Development\\NamasteReact\\src\\Components\\ContextComp.jsx","statementMap":{"0":{"start":{"line":5,"column":19},"end":{"line":5,"column":42}},"1":{"start":{"line":6,"column":30},"end":{"line":6,"column":50}},"2":{"start":{"line":7,"column":2},"end":{"line":25,"column":4}},"3":{"start":{"line":14,"column":33},"end":{"line":16,"column":13}},"4":{"start":{"line":15,"column":14},"end":{"line":15,"column":61}}},"fnMap":{"0":{"name":"ContextComp","decl":{"start":{"line":4,"column":24},"end":{"line":4,"column":35}},"loc":{"start":{"line":4,"column":40},"end":{"line":26,"column":1}},"line":4},"1":{"name":"(anonymous_1)","decl":{"start":{"line":14,"column":27},"end":{"line":14,"column":28}},"loc":{"start":{"line":14,"column":33},"end":{"line":16,"column":13}},"line":14},"2":{"name":"(anonymous_2)","decl":{"start":{"line":14,"column":45},"end":{"line":14,"column":46}},"loc":{"start":{"line":14,"column":58},"end":{"line":16,"column":11}},"line":14}},"branchMap":{},"s":{"0":3,"1":3,"2":3,"3":0,"4":0},"f":{"0":3,"1":0,"2":0},"b":{},"_coverageSchema":"1a1c01bbd47fc00a2c39e90264f33305004495a9","hash":"6a8cf028e158ccac27d73e59614be1523c378c01"}
,"E:\\Softwares\\Harvinder\\Front End Development\\NamasteReact\\src\\Components\\Sum.js": {"path":"E:\\Softwares\\Harvinder\\Front End Development\\NamasteReact\\src\\Components\\Sum.js","statementMap":{"0":{"start":{"line":1,"column":19},"end":{"line":3,"column":1}},"1":{"start":{"line":2,"column":4},"end":{"line":2,"column":14}}},"fnMap":{"0":{"name":"(anonymous_0)","decl":{"start":{"line":1,"column":19},"end":{"line":1,"column":20}},"loc":{"start":{"line":1,"column":29},"end":{"line":3,"column":1}},"line":1}},"branchMap":{},"s":{"0":1,"1":1},"f":{"0":1},"b":{},"_coverageSchema":"1a1c01bbd47fc00a2c39e90264f33305004495a9","hash":"25767f144d001804c3d9444e28969a262860d939"}
,"E:\\Softwares\\Harvinder\\Front End Development\\NamasteReact\\src\\Context\\userContext.js": {"path":"E:\\Softwares\\Harvinder\\Front End Development\\NamasteReact\\src\\Context\\userContext.js","statementMap":{"0":{"start":{"line":3,"column":21},"end":{"line":6,"column":2}}},"fnMap":{},"branchMap":{},"s":{"0":1},"f":{},"b":{},"_coverageSchema":"1a1c01bbd47fc00a2c39e90264f33305004495a9","hash":"b9170aa0f1ad4a89749688b6c16e5b8fed6406ae"}
}
