TN:
SF:src\Components\ContactUs.jsx
FN:4,ContactUs
FN:23,(anonymous_1)
FNF:2
FNH:2
FNDA:2,ContactUs
FNDA:1,(anonymous_1)
DA:5,2
DA:7,2
DA:23,1
LF:3
LH:3
BRDA:17,0,0,1
BRDA:17,0,1,1
BRDA:25,1,0,1
BRDA:25,1,1,1
BRF:4
BRH:4
end_of_record
TN:
SF:src\Components\ContextComp.jsx
FN:4,ContextComp
FN:14,(anonymous_1)
FN:14,(anonymous_2)
FNF:3
FNH:1
FNDA:4,ContextComp
FNDA:0,(anonymous_1)
FNDA:0,(anonymous_2)
DA:5,4
DA:6,4
DA:7,4
DA:14,0
DA:15,0
LF:5
LH:3
BRF:0
BRH:0
end_of_record
TN:
SF:src\Components\Sum.js
FN:1,(anonymous_0)
FNF:1
FNH:1
FNDA:1,(anonymous_0)
DA:1,1
DA:2,1
LF:2
LH:2
BRF:0
BRH:0
end_of_record
TN:
SF:src\Context\userContext.js
FNF:0
FNH:0
DA:3,1
LF:1
LH:1
BRF:0
BRH:0
end_of_record
